2025-08-02 22:17:54,177 - WARNING - Error sending stats to Plausible: error sending request for url (https://plausible.io/api/event)
2025-08-02 22:17:55,456 - INFO - Selenium WebDriver initialized successfully
2025-08-02 22:17:55,456 - INFO - Starting Modern MD&A Scraper (2025 Updated)
2025-08-02 22:17:55,457 - INFO - Scraping direct company PDF links...
2025-08-02 22:17:55,457 - INFO - Processing TCS 2024 annual report
2025-08-02 22:18:14,205 - WARNING - Cannot set gray stroke color because /'P0' is an invalid float value
2025-08-02 22:18:14,206 - WARNING - Cannot set gray stroke color because /'P0' is an invalid float value
2025-08-02 22:18:14,208 - WARNING - Cannot set gray stroke color because /'P0' is an invalid float value
2025-08-02 22:18:14,313 - WARNING - Cannot set gray stroke color because /'P0' is an invalid float value
2025-08-02 22:18:14,317 - WARNING - Cannot set gray stroke color because /'P0' is an invalid float value
2025-08-02 22:18:14,320 - WARNING - Cannot set gray stroke color because /'P0' is an invalid float value
2025-08-02 22:18:14,322 - WARNING - Cannot set gray stroke color because /'P0' is an invalid float value
2025-08-02 22:18:14,325 - WARNING - Cannot set gray stroke color because /'P0' is an invalid float value
2025-08-02 22:18:14,327 - WARNING - Cannot set gray stroke color because /'P0' is an invalid float value
2025-08-02 22:18:14,330 - WARNING - Cannot set gray stroke color because /'P0' is an invalid float value
2025-08-02 22:18:14,333 - WARNING - Cannot set gray stroke color because /'P0' is an invalid float value
2025-08-02 22:18:14,335 - WARNING - Cannot set gray stroke color because /'P0' is an invalid float value
2025-08-02 22:18:14,338 - WARNING - Cannot set gray stroke color because /'P0' is an invalid float value
2025-08-02 22:18:14,340 - WARNING - Cannot set gray stroke color because /'P0' is an invalid float value
2025-08-02 22:18:14,343 - WARNING - Cannot set gray stroke color because /'P0' is an invalid float value
2025-08-02 22:18:14,345 - WARNING - Cannot set gray stroke color because /'P0' is an invalid float value
2025-08-02 22:18:14,348 - WARNING - Cannot set gray stroke color because /'P0' is an invalid float value
2025-08-02 22:18:14,350 - WARNING - Cannot set gray stroke color because /'P0' is an invalid float value
2025-08-02 22:18:14,353 - WARNING - Cannot set gray stroke color because /'P0' is an invalid float value
2025-08-02 22:18:14,355 - WARNING - Cannot set gray stroke color because /'P0' is an invalid float value
2025-08-02 22:18:14,357 - WARNING - Cannot set gray stroke color because /'P0' is an invalid float value
2025-08-02 22:18:14,361 - WARNING - Cannot set gray stroke color because /'P0' is an invalid float value
2025-08-02 22:18:14,363 - WARNING - Cannot set gray stroke color because /'P0' is an invalid float value
2025-08-02 22:18:14,366 - WARNING - Cannot set gray stroke color because /'P0' is an invalid float value
2025-08-02 22:18:14,368 - WARNING - Cannot set gray stroke color because /'P0' is an invalid float value
2025-08-02 22:18:14,370 - WARNING - Cannot set gray stroke color because /'P0' is an invalid float value
2025-08-02 22:18:14,373 - WARNING - Cannot set gray stroke color because /'P0' is an invalid float value
2025-08-02 22:18:14,380 - WARNING - Cannot set gray stroke color because /'P0' is an invalid float value
2025-08-02 22:18:14,382 - WARNING - Cannot set gray stroke color because /'P0' is an invalid float value
2025-08-02 22:18:14,384 - WARNING - Cannot set gray stroke color because /'P0' is an invalid float value
2025-08-02 22:18:14,386 - WARNING - Cannot set gray stroke color because /'P0' is an invalid float value
2025-08-02 22:18:14,388 - WARNING - Cannot set gray stroke color because /'P0' is an invalid float value
2025-08-02 22:18:14,390 - WARNING - Cannot set gray stroke color because /'P0' is an invalid float value
2025-08-02 22:18:14,392 - WARNING - Cannot set gray stroke color because /'P0' is an invalid float value
2025-08-02 22:18:14,395 - WARNING - Cannot set gray stroke color because /'P0' is an invalid float value
2025-08-02 22:18:14,397 - WARNING - Cannot set gray stroke color because /'P0' is an invalid float value
2025-08-02 22:18:14,399 - WARNING - Cannot set gray stroke color because /'P0' is an invalid float value
2025-08-02 22:18:14,401 - WARNING - Cannot set gray stroke color because /'P0' is an invalid float value
2025-08-02 22:18:14,402 - WARNING - Cannot set gray stroke color because /'P0' is an invalid float value
2025-08-02 22:18:14,404 - WARNING - Cannot set gray stroke color because /'P0' is an invalid float value
2025-08-02 22:18:14,406 - WARNING - Cannot set gray stroke color because /'P0' is an invalid float value
2025-08-02 22:18:14,407 - WARNING - Cannot set gray stroke color because /'P0' is an invalid float value
2025-08-02 22:18:14,408 - WARNING - Cannot set gray stroke color because /'P0' is an invalid float value
2025-08-02 22:18:14,409 - WARNING - Cannot set gray stroke color because /'P0' is an invalid float value
2025-08-02 22:18:14,410 - WARNING - Cannot set gray stroke color because /'P0' is an invalid float value
2025-08-02 22:18:14,412 - WARNING - Cannot set gray stroke color because /'P0' is an invalid float value
2025-08-02 22:18:14,414 - WARNING - Cannot set gray stroke color because /'P0' is an invalid float value
2025-08-02 22:18:14,417 - WARNING - Cannot set gray stroke color because /'P0' is an invalid float value
2025-08-02 22:18:14,419 - WARNING - Cannot set gray stroke color because /'P0' is an invalid float value
2025-08-02 22:18:14,421 - WARNING - Cannot set gray stroke color because /'P0' is an invalid float value
2025-08-02 22:18:14,422 - WARNING - Cannot set gray stroke color because /'P0' is an invalid float value
2025-08-02 22:18:14,424 - WARNING - Cannot set gray stroke color because /'P0' is an invalid float value
2025-08-02 22:18:14,425 - WARNING - Cannot set gray stroke color because /'P0' is an invalid float value
2025-08-02 22:18:14,427 - WARNING - Cannot set gray stroke color because /'P0' is an invalid float value
2025-08-02 22:18:14,438 - WARNING - Cannot set gray stroke color because /'P0' is an invalid float value
2025-08-02 22:18:14,439 - WARNING - Cannot set gray stroke color because /'P0' is an invalid float value
2025-08-02 22:18:14,440 - WARNING - Cannot set gray stroke color because /'P0' is an invalid float value
2025-08-02 22:18:14,441 - WARNING - Cannot set gray stroke color because /'P0' is an invalid float value
2025-08-02 22:18:14,441 - WARNING - Cannot set gray stroke color because /'P0' is an invalid float value
2025-08-02 22:18:14,442 - WARNING - Cannot set gray stroke color because /'P0' is an invalid float value
2025-08-02 22:18:14,443 - WARNING - Cannot set gray stroke color because /'P0' is an invalid float value
2025-08-02 22:18:14,445 - WARNING - Cannot set gray stroke color because /'P0' is an invalid float value
2025-08-02 22:18:14,446 - WARNING - Cannot set gray stroke color because /'P0' is an invalid float value
2025-08-02 22:18:14,448 - WARNING - Cannot set gray stroke color because /'P0' is an invalid float value
2025-08-02 22:18:14,449 - WARNING - Cannot set gray stroke color because /'P0' is an invalid float value
2025-08-02 22:18:14,451 - WARNING - Cannot set gray stroke color because /'P0' is an invalid float value
2025-08-02 22:18:14,452 - WARNING - Cannot set gray stroke color because /'P0' is an invalid float value
2025-08-02 22:18:14,454 - WARNING - Cannot set gray stroke color because /'P0' is an invalid float value
2025-08-02 22:18:14,455 - WARNING - Cannot set gray stroke color because /'P0' is an invalid float value
2025-08-02 22:18:14,456 - WARNING - Cannot set gray stroke color because /'P0' is an invalid float value
2025-08-02 22:18:14,458 - WARNING - Cannot set gray stroke color because /'P0' is an invalid float value
2025-08-02 22:18:14,459 - WARNING - Cannot set gray stroke color because /'P0' is an invalid float value
2025-08-02 22:18:14,461 - WARNING - Cannot set gray stroke color because /'P0' is an invalid float value
2025-08-02 22:18:14,462 - WARNING - Cannot set gray stroke color because /'P0' is an invalid float value
2025-08-02 22:18:14,463 - WARNING - Cannot set gray stroke color because /'P0' is an invalid float value
2025-08-02 22:18:14,464 - WARNING - Cannot set gray stroke color because /'P0' is an invalid float value
2025-08-02 22:18:14,465 - WARNING - Cannot set gray stroke color because /'P0' is an invalid float value
2025-08-02 22:18:14,466 - WARNING - Cannot set gray stroke color because /'P0' is an invalid float value
2025-08-02 22:18:14,467 - WARNING - Cannot set gray stroke color because /'P0' is an invalid float value
2025-08-02 22:18:14,467 - WARNING - Cannot set gray stroke color because /'P0' is an invalid float value
2025-08-02 22:18:14,468 - WARNING - Cannot set gray stroke color because /'P0' is an invalid float value
2025-08-02 22:18:14,470 - WARNING - Cannot set gray stroke color because /'P0' is an invalid float value
2025-08-02 22:18:14,471 - WARNING - Cannot set gray stroke color because /'P0' is an invalid float value
2025-08-02 22:18:14,472 - WARNING - Cannot set gray stroke color because /'P0' is an invalid float value
2025-08-02 22:18:14,472 - WARNING - Cannot set gray stroke color because /'P0' is an invalid float value
2025-08-02 22:18:14,473 - WARNING - Cannot set gray stroke color because /'P0' is an invalid float value
2025-08-02 22:18:14,474 - WARNING - Cannot set gray stroke color because /'P0' is an invalid float value
2025-08-02 22:18:14,474 - WARNING - Cannot set gray stroke color because /'P0' is an invalid float value
2025-08-02 22:18:14,475 - WARNING - Cannot set gray stroke color because /'P0' is an invalid float value
2025-08-02 22:18:14,476 - WARNING - Cannot set gray stroke color because /'P0' is an invalid float value
2025-08-02 22:18:14,476 - WARNING - Cannot set gray stroke color because /'P0' is an invalid float value
2025-08-02 22:18:14,477 - WARNING - Cannot set gray stroke color because /'P0' is an invalid float value
2025-08-02 22:18:14,478 - WARNING - Cannot set gray stroke color because /'P0' is an invalid float value
2025-08-02 22:18:14,479 - WARNING - Cannot set gray stroke color because /'P0' is an invalid float value
2025-08-02 22:18:14,479 - WARNING - Cannot set gray stroke color because /'P0' is an invalid float value
2025-08-02 22:18:14,480 - WARNING - Cannot set gray stroke color because /'P0' is an invalid float value
2025-08-02 22:18:14,481 - WARNING - Cannot set gray stroke color because /'P0' is an invalid float value
2025-08-02 22:18:14,481 - WARNING - Cannot set gray stroke color because /'P0' is an invalid float value
2025-08-02 22:18:14,482 - WARNING - Cannot set gray stroke color because /'P0' is an invalid float value
2025-08-02 22:18:14,483 - WARNING - Cannot set gray stroke color because /'P0' is an invalid float value
2025-08-02 22:18:14,483 - WARNING - Cannot set gray stroke color because /'P0' is an invalid float value
2025-08-02 22:18:14,484 - WARNING - Cannot set gray stroke color because /'P0' is an invalid float value
2025-08-02 22:18:14,485 - WARNING - Cannot set gray stroke color because /'P0' is an invalid float value
2025-08-02 22:18:14,485 - WARNING - Cannot set gray stroke color because /'P0' is an invalid float value
2025-08-02 22:18:14,486 - WARNING - Cannot set gray stroke color because /'P0' is an invalid float value
2025-08-02 22:18:14,486 - WARNING - Cannot set gray stroke color because /'P0' is an invalid float value
2025-08-02 22:18:14,487 - WARNING - Cannot set gray stroke color because /'P0' is an invalid float value
2025-08-02 22:18:14,488 - WARNING - Cannot set gray stroke color because /'P0' is an invalid float value
2025-08-02 22:18:14,723 - WARNING - Cannot set gray stroke color because /'P0' is an invalid float value
2025-08-02 22:18:14,725 - WARNING - Cannot set gray stroke color because /'P0' is an invalid float value
2025-08-02 22:18:14,726 - WARNING - Cannot set gray stroke color because /'P0' is an invalid float value
2025-08-02 22:18:14,727 - WARNING - Cannot set gray stroke color because /'P0' is an invalid float value
2025-08-02 22:18:14,728 - WARNING - Cannot set gray stroke color because /'P0' is an invalid float value
2025-08-02 22:18:14,729 - WARNING - Cannot set gray stroke color because /'P0' is an invalid float value
2025-08-02 22:18:14,731 - WARNING - Cannot set gray stroke color because /'P0' is an invalid float value
2025-08-02 22:18:14,733 - WARNING - Cannot set gray stroke color because /'P0' is an invalid float value
2025-08-02 22:18:14,734 - WARNING - Cannot set gray stroke color because /'P0' is an invalid float value
2025-08-02 22:18:14,735 - WARNING - Cannot set gray stroke color because /'P0' is an invalid float value
2025-08-02 22:18:14,736 - WARNING - Cannot set gray stroke color because /'P0' is an invalid float value
2025-08-02 22:18:14,738 - WARNING - Cannot set gray stroke color because /'P0' is an invalid float value
2025-08-02 22:18:14,739 - WARNING - Cannot set gray stroke color because /'P0' is an invalid float value
2025-08-02 22:18:14,740 - WARNING - Cannot set gray stroke color because /'P0' is an invalid float value
2025-08-02 22:18:14,742 - WARNING - Cannot set gray stroke color because /'P0' is an invalid float value
2025-08-02 22:18:14,743 - WARNING - Cannot set gray stroke color because /'P0' is an invalid float value
2025-08-02 22:18:14,744 - WARNING - Cannot set gray stroke color because /'P0' is an invalid float value
2025-08-02 22:18:14,745 - WARNING - Cannot set gray stroke color because /'P0' is an invalid float value
2025-08-02 22:18:14,746 - WARNING - Cannot set gray stroke color because /'P0' is an invalid float value
2025-08-02 22:18:14,747 - WARNING - Cannot set gray stroke color because /'P0' is an invalid float value
2025-08-02 22:18:14,748 - WARNING - Cannot set gray stroke color because /'P0' is an invalid float value
2025-08-02 22:18:14,749 - WARNING - Cannot set gray stroke color because /'P0' is an invalid float value
2025-08-02 22:18:14,750 - WARNING - Cannot set gray stroke color because /'P0' is an invalid float value
2025-08-02 22:18:14,752 - WARNING - Cannot set gray stroke color because /'P0' is an invalid float value
2025-08-02 22:18:14,753 - WARNING - Cannot set gray stroke color because /'P0' is an invalid float value
2025-08-02 22:18:14,754 - WARNING - Cannot set gray stroke color because /'P0' is an invalid float value
2025-08-02 22:18:17,001 - WARNING - Cannot set gray stroke color because /'P0' is an invalid float value
2025-08-02 22:18:17,002 - WARNING - Cannot set gray stroke color because /'P0' is an invalid float value
2025-08-02 22:18:17,003 - WARNING - Cannot set gray stroke color because /'P0' is an invalid float value
2025-08-02 22:18:17,004 - WARNING - Cannot set gray stroke color because /'P0' is an invalid float value
2025-08-02 22:18:17,006 - WARNING - Cannot set gray stroke color because /'P0' is an invalid float value
2025-08-02 22:18:17,007 - WARNING - Cannot set gray stroke color because /'P0' is an invalid float value
2025-08-02 22:18:17,008 - WARNING - Cannot set gray stroke color because /'P0' is an invalid float value
2025-08-02 22:18:17,011 - WARNING - Cannot set gray stroke color because /'P0' is an invalid float value
2025-08-02 22:18:17,012 - WARNING - Cannot set gray stroke color because /'P0' is an invalid float value
2025-08-02 22:18:17,014 - WARNING - Cannot set gray stroke color because /'P0' is an invalid float value
2025-08-02 22:18:17,015 - WARNING - Cannot set gray stroke color because /'P0' is an invalid float value
2025-08-02 22:18:17,016 - WARNING - Cannot set gray stroke color because /'P0' is an invalid float value
2025-08-02 22:18:17,017 - WARNING - Cannot set gray stroke color because /'P0' is an invalid float value
2025-08-02 22:18:17,018 - WARNING - Cannot set gray stroke color because /'P0' is an invalid float value
2025-08-02 22:18:17,019 - WARNING - Cannot set gray stroke color because /'P0' is an invalid float value
2025-08-02 22:18:17,020 - WARNING - Cannot set gray stroke color because /'P0' is an invalid float value
2025-08-02 22:18:17,021 - WARNING - Cannot set gray stroke color because /'P0' is an invalid float value
2025-08-02 22:18:17,022 - WARNING - Cannot set gray stroke color because /'P0' is an invalid float value
2025-08-02 22:18:17,023 - WARNING - Cannot set gray stroke color because /'P0' is an invalid float value
2025-08-02 22:18:17,025 - WARNING - Cannot set gray stroke color because /'P0' is an invalid float value
2025-08-02 22:18:17,026 - WARNING - Cannot set gray stroke color because /'P0' is an invalid float value
2025-08-02 22:18:17,028 - WARNING - Cannot set gray stroke color because /'P0' is an invalid float value
2025-08-02 22:18:17,029 - WARNING - Cannot set gray stroke color because /'P0' is an invalid float value
2025-08-02 22:18:17,031 - WARNING - Cannot set gray stroke color because /'P0' is an invalid float value
2025-08-02 22:18:17,033 - WARNING - Cannot set gray stroke color because /'P0' is an invalid float value
2025-08-02 22:18:17,034 - WARNING - Cannot set gray stroke color because /'P0' is an invalid float value
2025-08-02 22:18:17,035 - WARNING - Cannot set gray stroke color because /'P0' is an invalid float value
2025-08-02 22:18:17,296 - WARNING - Cannot set gray stroke color because /'P0' is an invalid float value
2025-08-02 22:18:25,329 - WARNING - Cannot set gray stroke color because /'P0' is an invalid float value
2025-08-02 22:18:25,331 - WARNING - Cannot set gray stroke color because /'P0' is an invalid float value
2025-08-02 22:18:31,748 - WARNING - Cannot set gray stroke color because /'P0' is an invalid float value
2025-08-02 22:18:31,749 - WARNING - Cannot set gray stroke color because /'P1' is an invalid float value
2025-08-02 22:18:31,751 - WARNING - Cannot set gray stroke color because /'P2' is an invalid float value
2025-08-02 22:18:31,753 - WARNING - Cannot set gray stroke color because /'P3' is an invalid float value
2025-08-02 22:18:31,756 - WARNING - Cannot set gray stroke color because /'P4' is an invalid float value
2025-08-02 22:18:31,758 - WARNING - Cannot set gray stroke color because /'P5' is an invalid float value
2025-08-02 22:18:31,760 - WARNING - Cannot set gray stroke color because /'P6' is an invalid float value
2025-08-02 22:18:31,762 - WARNING - Cannot set gray stroke color because /'P7' is an invalid float value
2025-08-02 22:18:31,765 - WARNING - Cannot set gray stroke color because /'P8' is an invalid float value
2025-08-02 22:18:31,768 - WARNING - Cannot set gray stroke color because /'P9' is an invalid float value
2025-08-02 22:18:31,770 - WARNING - Cannot set gray stroke color because /'P10' is an invalid float value
2025-08-02 22:18:31,772 - WARNING - Cannot set gray stroke color because /'P11' is an invalid float value
2025-08-02 22:18:31,774 - WARNING - Cannot set gray stroke color because /'P12' is an invalid float value
2025-08-02 22:18:31,776 - WARNING - Cannot set gray stroke color because /'P13' is an invalid float value
2025-08-02 22:18:31,778 - WARNING - Cannot set gray stroke color because /'P14' is an invalid float value
2025-08-02 22:18:31,780 - WARNING - Cannot set gray stroke color because /'P15' is an invalid float value
2025-08-02 22:18:31,782 - WARNING - Cannot set gray stroke color because /'P16' is an invalid float value
2025-08-02 22:18:31,784 - WARNING - Cannot set gray stroke color because /'P17' is an invalid float value
2025-08-02 22:18:31,786 - WARNING - Cannot set gray stroke color because /'P18' is an invalid float value
2025-08-02 22:18:31,788 - WARNING - Cannot set gray stroke color because /'P19' is an invalid float value
2025-08-02 22:18:31,790 - WARNING - Cannot set gray stroke color because /'P20' is an invalid float value
2025-08-02 22:18:31,792 - WARNING - Cannot set gray stroke color because /'P21' is an invalid float value
2025-08-02 22:18:31,794 - WARNING - Cannot set gray stroke color because /'P22' is an invalid float value
2025-08-02 22:18:31,796 - WARNING - Cannot set gray stroke color because /'P23' is an invalid float value
2025-08-02 22:18:31,798 - WARNING - Cannot set gray stroke color because /'P24' is an invalid float value
2025-08-02 22:18:31,799 - WARNING - Cannot set gray stroke color because /'P25' is an invalid float value
2025-08-02 22:18:31,801 - WARNING - Cannot set gray stroke color because /'P26' is an invalid float value
2025-08-02 22:18:33,736 - INFO - Successfully extracted MD&A from TCS 2024 (confidence: 0.72, length: 9,234 chars)
2025-08-02 22:18:36,737 - INFO - Processing TCS 2023 annual report
2025-08-02 22:18:38,821 - WARNING - Cannot set gray stroke color because /'P0' is an invalid float value
2025-08-02 22:18:40,192 - WARNING - Cannot set gray stroke color because /'P0' is an invalid float value
2025-08-02 22:18:40,193 - WARNING - Cannot set gray stroke color because /'P1' is an invalid float value
2025-08-02 22:18:40,195 - WARNING - Cannot set gray stroke color because /'P2' is an invalid float value
2025-08-02 22:18:43,203 - WARNING - Cannot set gray stroke color because /'P0' is an invalid float value
2025-08-02 22:18:43,749 - WARNING - Cannot set gray stroke color because /'P0' is an invalid float value
2025-08-02 22:18:50,851 - INFO - Successfully extracted MD&A from TCS 2023 (confidence: 0.61, length: 8,248 chars)
2025-08-02 22:18:53,851 - INFO - Processing Infosys 2024 annual report
2025-08-02 22:18:54,375 - ERROR - Failed to download PDF https://www.infosys.com/content/dam/infosys-web/en/investors/reports-filings/annual-report/annual-report-2023-24.pdf: 404 Client Error: Not Found for url: https://www.infosys.com/investors/reports-filings/annual-report/annual-report-2023-24.pdf
2025-08-02 22:18:54,375 - WARNING - Could not extract text from https://www.infosys.com/content/dam/infosys-web/en/investors/reports-filings/annual-report/annual-report-2023-24.pdf
2025-08-02 22:18:54,375 - INFO - Processing Infosys 2023 annual report
2025-08-02 22:18:54,860 - ERROR - Failed to download PDF https://www.infosys.com/content/dam/infosys-web/en/investors/reports-filings/annual-report/annual-report-2022-23.pdf: 404 Client Error: Not Found for url: https://www.infosys.com/investors/reports-filings/annual-report/annual-report-2022-23.pdf
2025-08-02 22:18:54,860 - WARNING - Could not extract text from https://www.infosys.com/content/dam/infosys-web/en/investors/reports-filings/annual-report/annual-report-2022-23.pdf
2025-08-02 22:18:54,860 - INFO - Processing HDFC Bank 2024 annual report
2025-08-02 22:18:54,940 - ERROR - Failed to download PDF https://www.hdfcbank.com/content/api/contentstream-id/723fb80a-2dde-4cb6-aeea-3ad7b15e8c67/af6dbc3d-8ee3-4f88-ba47-4b3f4d7d91c3/annual-report-2023-24.pdf: 404 Client Error: Not Found for url: https://www.hdfcbank.com/content/api/contentstream-id/723fb80a-2dde-4cb6-aeea-3ad7b15e8c67/af6dbc3d-8ee3-4f88-ba47-4b3f4d7d91c3/annual-report-2023-24.pdf
2025-08-02 22:18:54,940 - WARNING - Could not extract text from https://www.hdfcbank.com/content/api/contentstream-id/723fb80a-2dde-4cb6-aeea-3ad7b15e8c67/af6dbc3d-8ee3-4f88-ba47-4b3f4d7d91c3/annual-report-2023-24.pdf
2025-08-02 22:18:54,940 - INFO - Processing ICICI Bank 2024 annual report
2025-08-02 22:18:55,433 - ERROR - Failed to download PDF https://www.icicibank.com/content/dam/icicibank/india/assets/pdfs/investor-relations/annual-reports/annual-report-2023-24.pdf: 404 Client Error: Not Found for url: https://www.icicibank.com/content/dam/icicibank/india/assets/pdfs/investor-relations/annual-reports/annual-report-2023-24.pdf
2025-08-02 22:18:55,433 - WARNING - Could not extract text from https://www.icicibank.com/content/dam/icicibank/india/assets/pdfs/investor-relations/annual-reports/annual-report-2023-24.pdf
2025-08-02 22:18:55,433 - INFO - Processing Reliance Industries 2024 annual report
2025-08-02 22:19:11,483 - ERROR - Failed to download PDF https://www.ril.com/getattachment/4b4c6bdf-0b1f-4e6c-8dc9-6e9e5c8aabb4/annual-report-2023-24.pdf: 404 Client Error: Not Found for url: https://www.ril.com/getattachment/4b4c6bdf-0b1f-4e6c-8dc9-6e9e5c8aabb4/annual-report-2023-24.pdf
2025-08-02 22:19:11,483 - WARNING - Could not extract text from https://www.ril.com/getattachment/4b4c6bdf-0b1f-4e6c-8dc9-6e9e5c8aabb4/annual-report-2023-24.pdf
2025-08-02 22:19:11,484 - INFO - Extracted 2 MD&A sections from direct sources
2025-08-02 22:19:11,484 - INFO - Scraping BSE direct links...
2025-08-02 22:19:11,484 - INFO - Processing TCS annual report: https://www.bseindia.com/xml-data/corpfiling/AttachLive/3ad24d1a-5d35-4b3f-9a57-65b32f2eae5f.pdf
2025-08-02 22:19:11,575 - ERROR - Failed to download PDF https://www.bseindia.com/xml-data/corpfiling/AttachLive/3ad24d1a-5d35-4b3f-9a57-65b32f2eae5f.pdf: 404 Client Error: Not Found for url: https://www.bseindia.com/xml-data/corpfiling/AttachLive/3ad24d1a-5d35-4b3f-9a57-65b32f2eae5f.pdf
2025-08-02 22:19:11,575 - INFO - Processing Infosys annual report: https://www.bseindia.com/xml-data/corpfiling/AttachLive/af6dbc3d-8ee3-4f88-ba47-4b3f4d7d91c3.pdf
2025-08-02 22:19:11,644 - ERROR - Failed to download PDF https://www.bseindia.com/xml-data/corpfiling/AttachLive/af6dbc3d-8ee3-4f88-ba47-4b3f4d7d91c3.pdf: 404 Client Error: Not Found for url: https://www.bseindia.com/xml-data/corpfiling/AttachLive/af6dbc3d-8ee3-4f88-ba47-4b3f4d7d91c3.pdf
2025-08-02 22:19:11,644 - INFO - Extracted 0 MD&A sections from BSE
2025-08-02 22:19:11,644 - INFO - Scraping Screener.in with Selenium...
2025-08-02 22:19:11,645 - INFO - Scraping Screener.in for TCS
2025-08-02 22:19:24,828 - ERROR - Error scraping Screener.in for TCS: 'WebDriverWait' object has no attribute 'wait'
2025-08-02 22:19:24,829 - INFO - Scraping Screener.in for Infosys
2025-08-02 22:19:25,122 - ERROR - Error scraping Screener.in for Infosys: 'WebDriverWait' object has no attribute 'wait'
2025-08-02 22:19:25,122 - INFO - Extracted 0 MD&A sections from Screener.in
2025-08-02 22:19:25,122 - INFO - Total unique MD&A sections: 2
2025-08-02 22:19:25,133 - INFO - Results saved to mda_dataset_modern_20250802_221925.csv
2025-08-02 22:19:25,134 - INFO - Results saved to mda_dataset_modern_20250802_221925.json
2025-08-02 22:19:25,135 - INFO - Summary saved to extraction_summary_modern_20250802_221925.json
2025-08-02 22:19:27,314 - INFO - Selenium driver closed
2025-08-02 22:19:27,315 - INFO - HTTP session closed
